commit 7a3a19add1b0e57f8e7539c1b5b59f3404da932e
Author: Giovanni Alcantara <me@giovannialcantara.com>
Date:   Wed Oct 19 19:53:38 2016 -0500

    Add documentation

commit 8e4205315122fb416ea9978ca720d8c211ac2627
Author: Giovanni Alcantara <me@giovannialcantara.com>
Date:   Wed Oct 19 19:53:27 2016 -0500

    Revert makefile

commit 311ce410a69cf7b46381a83524e1e4a6bbf68aa4
Author: Giovanni Alcantara <me@giovannialcantara.com>
Date:   Wed Oct 19 19:44:25 2016 -0500

    Clean up debug lines

commit 9fd8d0ea972769492c33c93bfc07e9491aa1b508
Author: Giovanni Alcantara <me@giovannialcantara.com>
Date:   Wed Oct 19 19:43:27 2016 -0500

    Run clang-format

commit f16565f240869c7f42809ef922f3ac0d54e89a0c
Author: Giovanni Alcantara <me@giovannialcantara.com>
Date:   Wed Oct 19 19:43:05 2016 -0500

    Finish unit tests

commit 5822f2ffa4939d80e444e0330b05267c131d93e3
Author: Giovanni Alcantara <me@giovannialcantara.com>
Date:   Wed Oct 19 00:05:12 2016 -0500

    Add unit tests

commit 88aff311c5da92d9228e0270fb2b38442e5b625f
Author: Giovanni Alcantara <me@giovannialcantara.com>
Date:   Tue Oct 18 22:29:44 2016 -0500

    Fix bugs

commit 8ceb8abfd3fda0a39dc2b19ff17b7779b0800b9a
Author: Giovanni Alcantara <me@giovannialcantara.com>
Date:   Sun Oct 16 20:17:58 2016 -0500

    Comment out syslog

commit 7df07795bb8b6dcabaeeb1d56dccb03a4b1377e8
Author: Giovanni Alcantara <me@giovannialcantara.com>
Date:   Sun Oct 16 20:17:23 2016 -0500

    Implement deallocate

commit 071aecc161408d854fbae45637cd175e26261549
Author: Giovanni Alcantara <me@giovannialcantara.com>
Date:   Sun Oct 16 19:44:03 2016 -0500

    Implement allocate

commit f4e1abdc280fecce009934537824f42d4e9ec4f9
Author: Giovanni Alcantara <me@giovannialcantara.com>
Date:   Sun Oct 16 19:43:47 2016 -0500

    Make print_array public

commit c6b6688db75bd51afd3479caf95966a6d8cee642
Author: Giovanni Alcantara <me@giovannialcantara.com>
Date:   Sun Oct 16 19:43:27 2016 -0500

    Update valid method

commit b6d03df32d7471e8f8d40346c7d5cde91e7167b9
Author: Giovanni Alcantara <me@giovannialcantara.com>
Date:   Sun Oct 16 17:16:57 2016 -0500

    Update tests

commit cb0ea773b5a4a725fcbad45e30a38578c33daad3
Author: Giovanni Alcantara <me@giovannialcantara.com>
Date:   Sun Oct 16 17:10:00 2016 -0500

    Implement valid and default contructor

commit 54dd39d6b8afa4effcbf9c06890c53fedaf39e9a
Author: Giovanni Alcantara <me@giovannialcantara.com>
Date:   Sun Oct 16 11:11:39 2016 -0500

    Add .travis.yml

commit c5534bcba755188f9ab92f5fb99437f0acb7d587
Author: Giovanni Alcantara <me@giovannialcantara.com>
Date:   Thu Oct 13 09:09:15 2016 -0500

    First commit
